INFO:root:

------------------------------

Initializing AppCore: 140024881531344

INFO:root:Opening 2 files.
INFO:root:Opening: /home/troy/Repos/PyEDGE/SampleImages/spidergfpapril12_11_z01_t019.tif
INFO:root:Image opened to current state.
INFO:root:Opening: /home/troy/Repos/PyEDGE/SampleImages/spidergfpapril12_11_z01_t021.tif
INFO:root:Image opened to new state.
INFO:root:Finished opening files.

INFO:root:
######  STATE PRINTOUT  ######
Image Created:         True
######  Filter Options  ######
Filter Diameter:       10
Sigma Color:           75.0
Simga Space:           75.0
Adaptive Blocksize:    151
######  Neighbor Options #####
Deviation:             15.0
Max Neighbor Distance: 80000.0
Upper Cutoff Distance: 5000.0

INFO:root:
######  STATE PRINTOUT  ######
Image Created:         True
######  Filter Options  ######
Filter Diameter:       10
Sigma Color:           75.0
Simga Space:           75.0
Adaptive Blocksize:    151
######  Neighbor Options #####
Deviation:             15.0
Max Neighbor Distance: 80000.0
Upper Cutoff Distance: 5000.0

INFO:root:Starting Union Analysis of 2 states.
INFO:root:finished Union Analysis.
INFO:root:Displaying 110 overlapping cells.

INFO:root:
######  STATE PRINTOUT  ######
Image Created:         True
######  Filter Options  ######
Filter Diameter:       10
Sigma Color:           75.0
Simga Space:           75.0
Adaptive Blocksize:    151
######  Neighbor Options #####
Deviation:             15.0
Max Neighbor Distance: 80000.0
Upper Cutoff Distance: 5000.0

INFO:root:Exiting pyEDGE.
INFO:root:

------------------------------

Initializing AppCore: 140116603205616

INFO:root:

------------------------------

Initializing AppCore: 140515726948912

INFO:root:

------------------------------

Initializing AppCore: 140078660983344

INFO:root:Opening 1 files.
INFO:root:Opening: /home/troy/Repos/PyEDGE/SampleImages/spidergfpapril12_11_z01_t021.tif
INFO:root:Image opened to current state.
INFO:root:Opening 1 files.
INFO:root:Opening: /home/troy/Repos/PyEDGE/SampleImages/spidergfpapril12_11_z01_t021.tif
INFO:root:Image opened to current state.
INFO:root:Exiting pyEDGE.
INFO:root:

------------------------------

Initializing AppCore: 140688607528944

INFO:root:Opening 1 files.
INFO:root:Opening: /home/troy/Repos/PyEDGE/SampleImages/spidergfpapril12_11_z01_t021.tif
INFO:root:Finished opening files.

INFO:root:Opening 3 files.
INFO:root:Opening: /home/troy/Repos/PyEDGE/SampleImages/spidergfpapril12_11_z01_t019.tif
INFO:root:Image opened to new state.
INFO:root:Opening: /home/troy/Repos/PyEDGE/SampleImages/spidergfpapril12_11_z01_t021.tif
INFO:root:Image opened to new state.
INFO:root:Opening: /home/troy/Repos/PyEDGE/SampleImages/testMask.tif
INFO:root:Image opened to new state.
INFO:root:Finished opening files.

INFO:root:Exiting pyEDGE.
INFO:root:

------------------------------

Initializing AppCore: 140292770473968

INFO:root:Opening 3 files.
INFO:root:Opening: /home/troy/Repos/PyEDGE/SampleImages/spidergfpapril12_11_z01_t019.tif
INFO:root:Exiting pyEDGE.
INFO:root:

------------------------------

Initializing AppCore: 140479187863536

INFO:root:Opening 1 files.
INFO:root:Opening: /home/troy/Repos/PyEDGE/SampleImages/spidergfpapril12_11_z01_t021.tif
INFO:root:Finished opening files.

INFO:root:Exiting pyEDGE.
INFO:root:

------------------------------

Initializing AppCore: 139970534934992

INFO:root:Opening 3 files.
INFO:root:Opening: /home/troy/Repos/PyEDGE/SampleImages/spidergfpapril12_11_z01_t019.tif
INFO:root:Opening: /home/troy/Repos/PyEDGE/SampleImages/spidergfpapril12_11_z01_t021.tif
INFO:root:Opening: /home/troy/Repos/PyEDGE/SampleImages/testMask.tif
INFO:root:Finished opening files.

INFO:root:Exiting pyEDGE.
INFO:root:

------------------------------

Initializing AppCore: 140154230794224

INFO:root:Opening 3 files.
INFO:root:Opening: /home/troy/Repos/PyEDGE/SampleImages/spidergfpapril12_11_z01_t019.tif
INFO:root:Opening: /home/troy/Repos/PyEDGE/SampleImages/spidergfpapril12_11_z01_t021.tif
INFO:root:Opening: /home/troy/Repos/PyEDGE/SampleImages/testMask.tif
INFO:root:Finished opening files.

INFO:root:Exiting pyEDGE.
INFO:root:

------------------------------

Initializing AppCore: 139978440861680

INFO:root:Opening 1 files.
INFO:root:Opening: /home/troy/Repos/PyEDGE/SampleImages/spidergfpapril12_11_z01_t021.tif
INFO:root:Finished opening files.

INFO:root:Opening 1 files.
INFO:root:Opening: /home/troy/Repos/PyEDGE/SampleImages/spidergfpapril12_11_z01_t019.tif
INFO:root:Finished opening files.

INFO:root:Opening 3 files.
INFO:root:Opening: /home/troy/Repos/PyEDGE/SampleImages/spidergfpapril12_11_z01_t019.tif
INFO:root:Opening: /home/troy/Repos/PyEDGE/SampleImages/spidergfpapril12_11_z01_t021.tif
INFO:root:Opening: /home/troy/Repos/PyEDGE/SampleImages/testMask.tif
INFO:root:Finished opening files.

INFO:root:Exiting pyEDGE.
INFO:root:

------------------------------

Initializing AppCore: 139884868762880

INFO:root:Exiting pyEDGE.
INFO:root:

------------------------------

Initializing AppCore: 139787381594816

INFO:root:Exiting pyEDGE.
INFO:root:

------------------------------

Initializing AppCore: 139914743257792

INFO:root:Opening 3 files.
INFO:root:Opening: /home/troy/Repos/PyEDGE/SampleImages/spidergfpapril12_11_z01_t019.tif
INFO:root:Opening: /home/troy/Repos/PyEDGE/SampleImages/spidergfpapril12_11_z01_t021.tif
INFO:root:Opening: /home/troy/Repos/PyEDGE/SampleImages/testMask.tif
INFO:root:Finished opening files.

INFO:root:Exiting pyEDGE.
INFO:root:

------------------------------

Initializing AppCore: 140573363218464

INFO:root:Exiting pyEDGE.
INFO:root:

------------------------------

Initializing AppCore: 140504095533088

INFO:root:Opening 1 files.
INFO:root:Opening: /home/troy/Repos/PyEDGE/SampleImages/spidergfpapril12_11_z01_t021.tif
INFO:root:Exiting pyEDGE.
INFO:root:

------------------------------

Initializing AppCore: 139632010348576

INFO:root:Opening 1 files.
INFO:root:Opening: /home/troy/Repos/PyEDGE/SampleImages/spidergfpapril12_11_z01_t019.tif
INFO:root:Finished opening files.

INFO:root:Exiting pyEDGE.
INFO:root:

------------------------------

Initializing AppCore: 140091092289568

INFO:root:Opening 1 files.
INFO:root:Opening: /home/troy/Repos/PyEDGE/SampleImages/spidergfpapril12_11_z01_t021.tif
INFO:root:Exiting pyEDGE.
INFO:root:

------------------------------

Initializing AppCore: 140281366173728

INFO:root:Opening 1 files.
INFO:root:Opening: /home/troy/Repos/PyEDGE/SampleImages/spidergfpapril12_11_z01_t021.tif
INFO:root:Finished opening files.

INFO:root:Exiting pyEDGE.
INFO:root:

------------------------------

Initializing AppCore: 139752303560736

INFO:root:Opening 1 files.
INFO:root:Opening: /home/troy/Repos/PyEDGE/SampleImages/testMask.tif
INFO:root:Opening 1 files.
INFO:root:Opening: /home/troy/Repos/PyEDGE/SampleImages/spidergfpapril12_11_z01_t021.tif
INFO:root:Exiting pyEDGE.
INFO:root:

------------------------------

Initializing AppCore: 140055556827168

INFO:root:Opening 1 files.
INFO:root:Opening: /home/troy/Repos/PyEDGE/SampleImages/spidergfpapril12_11_z01_t021.tif
INFO:root:Finished opening files.

INFO:root:Opening 2 files.
INFO:root:Opening: /home/troy/Repos/PyEDGE/SampleImages/spidergfpapril12_11_z01_t019.tif
INFO:root:Opening: /home/troy/Repos/PyEDGE/SampleImages/spidergfpapril12_11_z01_t021.tif
INFO:root:Finished opening files.

INFO:root:Exiting pyEDGE.
